<?xml version="1.0" encoding="UTF-8"?>
<testsuite xmlns:xsi="http://www.w3.org/2001/XMLSchema-instance" xsi:noNamespaceSchemaLocation="https://maven.apache.org/surefire/maven-surefire-plugin/xsd/surefire-test-report.xsd" name="MyTest" time="0.003" tests="0" errors="0" skipped="0" failures="0">
  <properties>
    <property name="sun.desktop" value="windows"/>
    <property name="awt.toolkit" value="sun.awt.windows.WToolkit"/>
    <property name="file.encoding.pkg" value="sun.io"/>
    <property name="java.specification.version" value="1.8"/>
    <property name="sun.cpu.isalist" value="amd64"/>
    <property name="sun.jnu.encoding" value="GBK"/>
    <property name="java.class.path" value="D:\java\Multis\module\target\test-classes;D:\java\Multis\module\target\classes;D:\idea\apache-maven-3.8.4\repo\org\mybatis\spring\boot\mybatis-spring-boot-starter\2.2.2\mybatis-spring-boot-starter-2.2.2.jar;D:\idea\apache-maven-3.8.4\repo\org\springframework\boot\spring-boot-starter\2.7.6\spring-boot-starter-2.7.6.jar;D:\idea\apache-maven-3.8.4\repo\org\springframework\boot\spring-boot\2.7.6\spring-boot-2.7.6.jar;D:\idea\apache-maven-3.8.4\repo\org\springframework\spring-context\5.3.24\spring-context-5.3.24.jar;D:\idea\apache-maven-3.8.4\repo\org\springframework\spring-aop\5.3.24\spring-aop-5.3.24.jar;D:\idea\apache-maven-3.8.4\repo\org\springframework\spring-expression\5.3.24\spring-expression-5.3.24.jar;D:\idea\apache-maven-3.8.4\repo\org\springframework\boot\spring-boot-autoconfigure\2.7.6\spring-boot-autoconfigure-2.7.6.jar;D:\idea\apache-maven-3.8.4\repo\org\springframework\boot\spring-boot-starter-logging\2.7.6\spring-boot-starter-logging-2.7.6.jar;D:\idea\apache-maven-3.8.4\repo\ch\qos\logback\logback-classic\1.2.11\logback-classic-1.2.11.jar;D:\idea\apache-maven-3.8.4\repo\ch\qos\logback\logback-core\1.2.11\logback-core-1.2.11.jar;D:\idea\apache-maven-3.8.4\repo\org\apache\logging\log4j\log4j-to-slf4j\2.17.2\log4j-to-slf4j-2.17.2.jar;D:\idea\apache-maven-3.8.4\repo\org\apache\logging\log4j\log4j-api\2.17.2\log4j-api-2.17.2.jar;D:\idea\apache-maven-3.8.4\repo\org\slf4j\jul-to-slf4j\1.7.36\jul-to-slf4j-1.7.36.jar;D:\idea\apache-maven-3.8.4\repo\jakarta\annotation\jakarta.annotation-api\1.3.5\jakarta.annotation-api-1.3.5.jar;D:\idea\apache-maven-3.8.4\repo\org\springframework\spring-core\5.3.24\spring-core-5.3.24.jar;D:\idea\apache-maven-3.8.4\repo\org\springframework\spring-jcl\5.3.24\spring-jcl-5.3.24.jar;D:\idea\apache-maven-3.8.4\repo\org\yaml\snakeyaml\1.30\snakeyaml-1.30.jar;D:\idea\apache-maven-3.8.4\repo\org\springframework\boot\spring-boot-starter-jdbc\2.7.6\spring-boot-starter-jdbc-2.7.6.jar;D:\idea\apache-maven-3.8.4\repo\com\zaxxer\HikariCP\4.0.3\HikariCP-4.0.3.jar;D:\idea\apache-maven-3.8.4\repo\org\slf4j\slf4j-api\1.7.36\slf4j-api-1.7.36.jar;D:\idea\apache-maven-3.8.4\repo\org\springframework\spring-jdbc\5.3.24\spring-jdbc-5.3.24.jar;D:\idea\apache-maven-3.8.4\repo\org\springframework\spring-beans\5.3.24\spring-beans-5.3.24.jar;D:\idea\apache-maven-3.8.4\repo\org\springframework\spring-tx\5.3.24\spring-tx-5.3.24.jar;D:\idea\apache-maven-3.8.4\repo\org\mybatis\spring\boot\mybatis-spring-boot-autoconfigure\2.2.2\mybatis-spring-boot-autoconfigure-2.2.2.jar;D:\idea\apache-maven-3.8.4\repo\org\mybatis\mybatis\3.5.9\mybatis-3.5.9.jar;D:\idea\apache-maven-3.8.4\repo\org\mybatis\mybatis-spring\2.0.7\mybatis-spring-2.0.7.jar;D:\idea\apache-maven-3.8.4\repo\com\mysql\mysql-connector-j\8.0.31\mysql-connector-j-8.0.31.jar;D:\idea\apache-maven-3.8.4\repo\org\projectlombok\lombok\1.18.24\lombok-1.18.24.jar;D:\idea\apache-maven-3.8.4\repo\com\fasterxml\jackson\core\jackson-databind\2.13.4.2\jackson-databind-2.13.4.2.jar;D:\idea\apache-maven-3.8.4\repo\com\fasterxml\jackson\core\jackson-annotations\2.13.4\jackson-annotations-2.13.4.jar;D:\idea\apache-maven-3.8.4\repo\com\fasterxml\jackson\core\jackson-core\2.13.4\jackson-core-2.13.4.jar;"/>
    <property name="java.vm.vendor" value="Oracle Corporation"/>
    <property name="sun.arch.data.model" value="64"/>
    <property name="user.variant" value=""/>
    <property name="java.vendor.url" value="http://java.oracle.com/"/>
    <property name="user.timezone" value="Asia/Shanghai"/>
    <property name="java.vm.specification.version" value="1.8"/>
    <property name="os.name" value="Windows 11"/>
    <property name="user.country" value="CN"/>
    <property name="sun.java.launcher" value="SUN_STANDARD"/>
    <property name="sun.boot.library.path" value="D:\JDK\jre\bin"/>
    <property name="sun.java.command" value="C:\Users\asus\AppData\Local\Temp\surefire2862191170631403248\surefirebooter5643430551974012517.jar C:\Users\asus\AppData\Local\Temp\surefire2862191170631403248 2025-01-23T21-37-57_663-jvmRun1 surefire7150999978348110760tmp surefire_07919572043915424151tmp"/>
    <property name="surefire.test.class.path" value="D:\java\Multis\module\target\test-classes;D:\java\Multis\module\target\classes;D:\idea\apache-maven-3.8.4\repo\org\mybatis\spring\boot\mybatis-spring-boot-starter\2.2.2\mybatis-spring-boot-starter-2.2.2.jar;D:\idea\apache-maven-3.8.4\repo\org\springframework\boot\spring-boot-starter\2.7.6\spring-boot-starter-2.7.6.jar;D:\idea\apache-maven-3.8.4\repo\org\springframework\boot\spring-boot\2.7.6\spring-boot-2.7.6.jar;D:\idea\apache-maven-3.8.4\repo\org\springframework\spring-context\5.3.24\spring-context-5.3.24.jar;D:\idea\apache-maven-3.8.4\repo\org\springframework\spring-aop\5.3.24\spring-aop-5.3.24.jar;D:\idea\apache-maven-3.8.4\repo\org\springframework\spring-expression\5.3.24\spring-expression-5.3.24.jar;D:\idea\apache-maven-3.8.4\repo\org\springframework\boot\spring-boot-autoconfigure\2.7.6\spring-boot-autoconfigure-2.7.6.jar;D:\idea\apache-maven-3.8.4\repo\org\springframework\boot\spring-boot-starter-logging\2.7.6\spring-boot-starter-logging-2.7.6.jar;D:\idea\apache-maven-3.8.4\repo\ch\qos\logback\logback-classic\1.2.11\logback-classic-1.2.11.jar;D:\idea\apache-maven-3.8.4\repo\ch\qos\logback\logback-core\1.2.11\logback-core-1.2.11.jar;D:\idea\apache-maven-3.8.4\repo\org\apache\logging\log4j\log4j-to-slf4j\2.17.2\log4j-to-slf4j-2.17.2.jar;D:\idea\apache-maven-3.8.4\repo\org\apache\logging\log4j\log4j-api\2.17.2\log4j-api-2.17.2.jar;D:\idea\apache-maven-3.8.4\repo\org\slf4j\jul-to-slf4j\1.7.36\jul-to-slf4j-1.7.36.jar;D:\idea\apache-maven-3.8.4\repo\jakarta\annotation\jakarta.annotation-api\1.3.5\jakarta.annotation-api-1.3.5.jar;D:\idea\apache-maven-3.8.4\repo\org\springframework\spring-core\5.3.24\spring-core-5.3.24.jar;D:\idea\apache-maven-3.8.4\repo\org\springframework\spring-jcl\5.3.24\spring-jcl-5.3.24.jar;D:\idea\apache-maven-3.8.4\repo\org\yaml\snakeyaml\1.30\snakeyaml-1.30.jar;D:\idea\apache-maven-3.8.4\repo\org\springframework\boot\spring-boot-starter-jdbc\2.7.6\spring-boot-starter-jdbc-2.7.6.jar;D:\idea\apache-maven-3.8.4\repo\com\zaxxer\HikariCP\4.0.3\HikariCP-4.0.3.jar;D:\idea\apache-maven-3.8.4\repo\org\slf4j\slf4j-api\1.7.36\slf4j-api-1.7.36.jar;D:\idea\apache-maven-3.8.4\repo\org\springframework\spring-jdbc\5.3.24\spring-jdbc-5.3.24.jar;D:\idea\apache-maven-3.8.4\repo\org\springframework\spring-beans\5.3.24\spring-beans-5.3.24.jar;D:\idea\apache-maven-3.8.4\repo\org\springframework\spring-tx\5.3.24\spring-tx-5.3.24.jar;D:\idea\apache-maven-3.8.4\repo\org\mybatis\spring\boot\mybatis-spring-boot-autoconfigure\2.2.2\mybatis-spring-boot-autoconfigure-2.2.2.jar;D:\idea\apache-maven-3.8.4\repo\org\mybatis\mybatis\3.5.9\mybatis-3.5.9.jar;D:\idea\apache-maven-3.8.4\repo\org\mybatis\mybatis-spring\2.0.7\mybatis-spring-2.0.7.jar;D:\idea\apache-maven-3.8.4\repo\com\mysql\mysql-connector-j\8.0.31\mysql-connector-j-8.0.31.jar;D:\idea\apache-maven-3.8.4\repo\org\projectlombok\lombok\1.18.24\lombok-1.18.24.jar;D:\idea\apache-maven-3.8.4\repo\com\fasterxml\jackson\core\jackson-databind\2.13.4.2\jackson-databind-2.13.4.2.jar;D:\idea\apache-maven-3.8.4\repo\com\fasterxml\jackson\core\jackson-annotations\2.13.4\jackson-annotations-2.13.4.jar;D:\idea\apache-maven-3.8.4\repo\com\fasterxml\jackson\core\jackson-core\2.13.4\jackson-core-2.13.4.jar;"/>
    <property name="sun.cpu.endian" value="little"/>
    <property name="user.home" value="C:\Users\asus"/>
    <property name="user.language" value="zh"/>
    <property name="java.specification.vendor" value="Oracle Corporation"/>
    <property name="java.home" value="D:\JDK\jre"/>
    <property name="basedir" value="D:\java\Multis\module"/>
    <property name="file.separator" value="\"/>
    <property name="line.separator" value="&#10;"/>
    <property name="java.vm.specification.vendor" value="Oracle Corporation"/>
    <property name="java.specification.name" value="Java Platform API Specification"/>
    <property name="java.awt.graphicsenv" value="sun.awt.Win32GraphicsEnvironment"/>
    <property name="surefire.real.class.path" value="C:\Users\asus\AppData\Local\Temp\surefire2862191170631403248\surefirebooter5643430551974012517.jar"/>
    <property name="sun.boot.class.path" value="D:\JDK\jre\lib\resources.jar;D:\JDK\jre\lib\rt.jar;D:\JDK\jre\lib\jsse.jar;D:\JDK\jre\lib\jce.jar;D:\JDK\jre\lib\charsets.jar;D:\JDK\jre\lib\jfr.jar;D:\JDK\jre\classes"/>
    <property name="user.script" value=""/>
    <property name="sun.management.compiler" value="HotSpot 64-Bit Tiered Compilers"/>
    <property name="java.runtime.version" value="1.8.0_391-b13"/>
    <property name="user.name" value="asus"/>
    <property name="path.separator" value=";"/>
    <property name="os.version" value="10.0"/>
    <property name="java.endorsed.dirs" value="D:\JDK\jre\lib\endorsed"/>
    <property name="java.runtime.name" value="Java(TM) SE Runtime Environment"/>
    <property name="file.encoding" value="GBK"/>
    <property name="java.vm.name" value="Java HotSpot(TM) 64-Bit Server VM"/>
    <property name="localRepository" value="D:\idea\apache-maven-3.8.4\repo"/>
    <property name="java.vendor.url.bug" value="http://bugreport.sun.com/bugreport/"/>
    <property name="java.io.tmpdir" value="C:\Users\asus\AppData\Local\Temp\"/>
    <property name="idea.version" value="2021.3.3"/>
    <property name="java.version" value="1.8.0_391"/>
    <property name="user.dir" value="D:\java\Multis\module"/>
    <property name="os.arch" value="amd64"/>
    <property name="java.vm.specification.name" value="Java Virtual Machine Specification"/>
    <property name="java.awt.printerjob" value="sun.awt.windows.WPrinterJob"/>
    <property name="sun.os.patch.level" value=""/>
    <property name="java.library.path" value="D:\JDK\jre\bin;C:\WINDOWS\Sun\Java\bin;C:\WINDOWS\system32;C:\WINDOWS;D:\vm\bin\;C:\Windows\system32;C:\Windows;C:\Windows\System32\Wbem;C:\Windows\System32\WindowsPowerShell\v1.0\;C:\Windows\System32\OpenSSH\;C:\Program Files (x86)\NVIDIA Corporation\PhysX\Common;C:\WINDOWS\system32;C:\WINDOWS;C:\WINDOWS\System32\Wbem;C:\WINDOWS\System32\WindowsPowerShell\v1.0\;C:\WINDOWS\System32\OpenSSH\;D:\Git\cmd;D:\node\;D:\xshell\;D:\xftp\;C:\Program Files\NVIDIA Corporation\NVIDIA app\NvDLISR;C:\Users\asus\AppData\Local\Microsoft\WindowsApps;C:\Users\asus\AppData\Local\Programs\Microsoft VS Code\bin;C:\Users\asus\AppData\Roaming\npm;;."/>
    <property name="java.vm.info" value="mixed mode"/>
    <property name="java.vendor" value="Oracle Corporation"/>
    <property name="java.vm.version" value="25.391-b13"/>
    <property name="java.specification.maintenance.version" value="5"/>
    <property name="java.ext.dirs" value="D:\JDK\jre\lib\ext;C:\WINDOWS\Sun\Java\lib\ext"/>
    <property name="sun.io.unicode.encoding" value="UnicodeLittle"/>
    <property name="java.class.version" value="52.0"/>
  </properties>
</testsuite>